<?xml version="1.0" encoding="UTF-8"?>
<!-- Generated by org.testng.reporters.JUnitXMLReporter -->
<testsuite ignored="3" hostname="DESKTOP-1IUEK3T" failures="0" tests="1" name="GRP-BVT,regression + UI" time="0.132" errors="0" timestamp="2024-03-13T17:00:46 IST">
  <testcase classname="TestNG.GroupingOfTCs" name="Test2" time="0.018"/>
  <testcase classname="TestNG.GroupingOfTCs" name="Test1" time="0.0">
    <ignored/>
  </testcase> <!-- Test1 -->
  <testcase classname="TestNG.GroupingOfTCs" name="Test3" time="0.0">
    <ignored/>
  </testcase> <!-- Test3 -->
  <testcase classname="TestNG.GroupingOfTCs" name="Test4" time="0.0">
    <ignored/>
  </testcase> <!-- Test4 -->
</testsuite> <!-- GRP-BVT,regression + UI -->
