<?xml version="1.0" encoding="UTF-8"?>
<!-- Generated by org.testng.reporters.JUnitXMLReporter -->
<testsuite ignored="0" hostname="DESKTOP-1IUEK3T" failures="0" tests="4" name="GRP-user-registraion" time="0.297" errors="0" timestamp="2024-03-13T17:03:18 IST">
  <testcase classname="TestNG.GroupingOfTCs" name="Test1" time="0.037"/>
  <testcase classname="TestNG.GroupingOfTCs" name="Test4" time="0.004"/>
  <testcase classname="TestNG.GroupingOfTCs" name="Test2" time="0.002"/>
  <testcase classname="TestNG.GroupingOfTCs" name="Test3" time="0.003"/>
</testsuite> <!-- GRP-user-registraion -->
